2023-07-18 17:10:21,266 INFO o.a.j.u.JMeterUtils: Setting Locale to en_US
2023-07-18 17:10:21,301 INFO o.a.j.JMeter: Loading user properties from: user.properties
2023-07-18 17:10:21,303 INFO o.a.j.JMeter: Loading system properties from: system.properties
2023-07-18 17:10:21,347 INFO o.a.j.JMeter: Copyright (c) 1998-2022 The Apache Software Foundation
2023-07-18 17:10:21,347 INFO o.a.j.JMeter: Version 5.5
2023-07-18 17:10:21,347 INFO o.a.j.JMeter: java.version=1.8.0_202
2023-07-18 17:10:21,347 INFO o.a.j.JMeter: java.vm.name=Java HotSpot(TM) 64-Bit Server VM
2023-07-18 17:10:21,348 INFO o.a.j.JMeter: os.name=Windows 8.1
2023-07-18 17:10:21,348 INFO o.a.j.JMeter: os.arch=amd64
2023-07-18 17:10:21,349 INFO o.a.j.JMeter: os.version=6.3
2023-07-18 17:10:21,350 INFO o.a.j.JMeter: file.encoding=Cp1252
2023-07-18 17:10:21,350 INFO o.a.j.JMeter: java.awt.headless=null
2023-07-18 17:10:21,350 INFO o.a.j.JMeter: Max memory     =904396800
2023-07-18 17:10:21,351 INFO o.a.j.JMeter: Available Processors =2
2023-07-18 17:10:21,372 INFO o.a.j.JMeter: Default Locale=English (United States)
2023-07-18 17:10:21,372 INFO o.a.j.JMeter: JMeter  Locale=English (United States)
2023-07-18 17:10:21,373 INFO o.a.j.JMeter: JMeterHome=D:\Microservice_application\apache-jmeter-5.5
2023-07-18 17:10:21,373 INFO o.a.j.JMeter: user.dir  =D:\Microservice_application\apache-jmeter-5.5\bin
2023-07-18 17:10:21,373 INFO o.a.j.JMeter: PWD       =D:\Microservice_application\apache-jmeter-5.5\bin
2023-07-18 17:10:21,376 INFO o.a.j.JMeter: IP: 192.168.10.105 Name: ecs FullName: ecs
2023-07-18 17:10:21,438 INFO o.a.j.JMeter: Loaded icon properties from org/apache/jmeter/images/icon.properties
2023-07-18 17:10:21,963 INFO o.a.j.JMeterGuiLauncher: Setting LAF to: com.github.weisj.darklaf.DarkLaf:com.github.weisj.darklaf.theme.DarculaTheme
2023-07-18 17:10:38,204 INFO o.a.j.s.FileServer: Default base='D:\Microservice_application\apache-jmeter-5.5\bin'
2023-07-18 17:12:00,877 INFO o.a.j.p.h.s.HTTPSamplerBase: Parser for text/html is org.apache.jmeter.protocol.http.parser.LagartoBasedHtmlParser
2023-07-18 17:12:00,878 INFO o.a.j.p.h.s.HTTPSamplerBase: Parser for application/xhtml+xml is org.apache.jmeter.protocol.http.parser.LagartoBasedHtmlParser
2023-07-18 17:12:00,878 INFO o.a.j.p.h.s.HTTPSamplerBase: Parser for application/xml is org.apache.jmeter.protocol.http.parser.LagartoBasedHtmlParser
2023-07-18 17:12:00,878 INFO o.a.j.p.h.s.HTTPSamplerBase: Parser for text/xml is org.apache.jmeter.protocol.http.parser.LagartoBasedHtmlParser
2023-07-18 17:12:00,878 INFO o.a.j.p.h.s.HTTPSamplerBase: Parser for text/vnd.wap.wml is org.apache.jmeter.protocol.http.parser.RegexpHTMLParser
2023-07-18 17:12:00,878 INFO o.a.j.p.h.s.HTTPSamplerBase: Parser for text/css is org.apache.jmeter.protocol.http.parser.CssParser
2023-07-18 17:14:13,423 INFO o.a.j.s.SampleResult: Note: Sample TimeStamps are START times
2023-07-18 17:14:13,423 INFO o.a.j.s.SampleResult: sampleresult.default.encoding is set to ISO-8859-1
2023-07-18 17:14:13,423 INFO o.a.j.s.SampleResult: sampleresult.useNanoTime=true
2023-07-18 17:14:13,424 INFO o.a.j.s.SampleResult: sampleresult.nanoThreadSleep=5000
2023-07-18 17:15:10,898 INFO o.a.j.s.FileServer: Set new base='D:\Microservice_application\apache-jmeter-5.5\bin'
2023-07-18 17:15:11,245 INFO o.a.j.s.SaveService: Testplan (JMX) version: 2.2. Testlog (JTL) version: 2.2
2023-07-18 17:15:11,291 INFO o.a.j.s.SaveService: Using SaveService properties file encoding UTF-8
2023-07-18 17:15:11,294 INFO o.a.j.s.SaveService: Using SaveService properties version 5.0
2023-07-18 17:15:11,409 INFO o.a.j.e.StandardJMeterEngine: Running the test!
2023-07-18 17:15:11,413 INFO o.a.j.s.SampleEvent: List of sample_variables: []
2023-07-18 17:15:11,413 INFO o.a.j.s.SampleEvent: List of sample_variables: []
2023-07-18 17:15:11,418 INFO o.a.j.e.u.CompoundVariable: Note: Function class names must contain the string: '.functions.'
2023-07-18 17:15:11,418 INFO o.a.j.e.u.CompoundVariable: Note: Function class names must not contain the string: '.gui.'
2023-07-18 17:15:12,628 INFO o.a.j.g.u.JMeterMenuBar: setRunning(true, *local*)
2023-07-18 17:15:13,181 INFO o.a.j.e.StandardJMeterEngine: Starting ThreadGroup: 1 : Thread Group
2023-07-18 17:15:13,181 INFO o.a.j.e.StandardJMeterEngine: Starting 15 threads for group Thread Group.
2023-07-18 17:15:13,181 INFO o.a.j.e.StandardJMeterEngine: Thread will continue on error
2023-07-18 17:15:13,181 INFO o.a.j.t.ThreadGroup: Starting thread group... number=1 threads=15 ramp-up=1 delayedStart=false
2023-07-18 17:15:13,205 INFO o.a.j.t.ThreadGroup: Started thread group number 1
2023-07-18 17:15:13,205 INFO o.a.j.e.StandardJMeterEngine: All thread groups have been started
2023-07-18 17:15:13,220 INFO o.a.j.t.JMeterThread: Thread started: Thread Group 1-1
2023-07-18 17:15:13,325 INFO o.a.j.p.h.s.HTTPHCAbstractImpl: Local host = ecs
2023-07-18 17:15:13,342 INFO o.a.j.p.h.s.HTTPHC4Impl: HTTP request retry count = 0
2023-07-18 17:15:13,359 INFO o.a.j.t.JMeterThread: Thread started: Thread Group 1-2
2023-07-18 17:15:13,426 INFO o.a.j.t.JMeterThread: Thread started: Thread Group 1-3
2023-07-18 17:15:13,490 INFO o.a.j.t.JMeterThread: Thread started: Thread Group 1-4
2023-07-18 17:15:13,611 INFO o.a.j.t.JMeterThread: Thread started: Thread Group 1-5
2023-07-18 17:15:13,621 INFO o.a.j.t.JMeterThread: Thread started: Thread Group 1-6
2023-07-18 17:15:13,700 INFO o.a.j.t.JMeterThread: Thread started: Thread Group 1-7
2023-07-18 17:15:13,821 INFO o.a.j.t.JMeterThread: Thread started: Thread Group 1-8
2023-07-18 17:15:13,827 INFO o.a.j.t.JMeterThread: Thread started: Thread Group 1-9
2023-07-18 17:15:13,895 INFO o.a.j.t.JMeterThread: Thread started: Thread Group 1-10
2023-07-18 17:15:13,958 INFO o.a.j.t.JMeterThread: Thread started: Thread Group 1-11
2023-07-18 17:15:14,020 INFO o.a.j.t.JMeterThread: Thread started: Thread Group 1-12
2023-07-18 17:15:14,086 INFO o.a.j.t.JMeterThread: Thread started: Thread Group 1-13
2023-07-18 17:15:14,152 INFO o.a.j.t.JMeterThread: Thread started: Thread Group 1-14
2023-07-18 17:15:14,217 INFO o.a.j.t.JMeterThread: Thread started: Thread Group 1-15
2023-07-18 17:15:20,251 INFO o.a.j.t.JMeterThread: Thread is done: Thread Group 1-3
2023-07-18 17:15:20,252 INFO o.a.j.t.JMeterThread: Thread finished: Thread Group 1-3
2023-07-18 17:15:20,260 INFO o.a.j.t.JMeterThread: Thread is done: Thread Group 1-15
2023-07-18 17:15:20,260 INFO o.a.j.t.JMeterThread: Thread finished: Thread Group 1-15
2023-07-18 17:15:20,271 INFO o.a.j.t.JMeterThread: Thread is done: Thread Group 1-13
2023-07-18 17:15:20,271 INFO o.a.j.t.JMeterThread: Thread finished: Thread Group 1-13
2023-07-18 17:15:20,286 INFO o.a.j.t.JMeterThread: Thread is done: Thread Group 1-9
2023-07-18 17:15:20,286 INFO o.a.j.t.JMeterThread: Thread finished: Thread Group 1-9
2023-07-18 17:15:20,319 INFO o.a.j.t.JMeterThread: Thread is done: Thread Group 1-8
2023-07-18 17:15:20,321 INFO o.a.j.t.JMeterThread: Thread finished: Thread Group 1-8
2023-07-18 17:15:20,331 INFO o.a.j.t.JMeterThread: Thread is done: Thread Group 1-2
2023-07-18 17:15:20,331 INFO o.a.j.t.JMeterThread: Thread finished: Thread Group 1-2
2023-07-18 17:15:20,338 INFO o.a.j.t.JMeterThread: Thread is done: Thread Group 1-10
2023-07-18 17:15:20,339 INFO o.a.j.t.JMeterThread: Thread finished: Thread Group 1-10
2023-07-18 17:15:20,348 INFO o.a.j.t.JMeterThread: Thread is done: Thread Group 1-6
2023-07-18 17:15:20,349 INFO o.a.j.t.JMeterThread: Thread finished: Thread Group 1-6
2023-07-18 17:15:20,376 INFO o.a.j.t.JMeterThread: Thread is done: Thread Group 1-5
2023-07-18 17:15:20,376 INFO o.a.j.t.JMeterThread: Thread finished: Thread Group 1-5
2023-07-18 17:15:20,410 INFO o.a.j.t.JMeterThread: Thread is done: Thread Group 1-4
2023-07-18 17:15:20,410 INFO o.a.j.t.JMeterThread: Thread finished: Thread Group 1-4
2023-07-18 17:15:21,156 INFO o.a.j.t.JMeterThread: Thread is done: Thread Group 1-7
2023-07-18 17:15:21,156 INFO o.a.j.t.JMeterThread: Thread finished: Thread Group 1-7
2023-07-18 17:15:21,169 INFO o.a.j.t.JMeterThread: Thread is done: Thread Group 1-11
2023-07-18 17:15:21,169 INFO o.a.j.t.JMeterThread: Thread finished: Thread Group 1-11
2023-07-18 17:15:21,200 INFO o.a.j.t.JMeterThread: Thread is done: Thread Group 1-1
2023-07-18 17:15:21,200 INFO o.a.j.t.JMeterThread: Thread finished: Thread Group 1-1
2023-07-18 17:15:21,338 INFO o.a.j.t.JMeterThread: Thread is done: Thread Group 1-12
2023-07-18 17:15:21,338 INFO o.a.j.t.JMeterThread: Thread finished: Thread Group 1-12
2023-07-18 17:15:21,465 INFO o.a.j.t.JMeterThread: Thread is done: Thread Group 1-14
2023-07-18 17:15:21,466 INFO o.a.j.t.JMeterThread: Thread finished: Thread Group 1-14
2023-07-18 17:15:21,468 INFO o.a.j.e.StandardJMeterEngine: Notifying test listeners of end of test
2023-07-18 17:15:21,469 INFO o.a.j.g.u.JMeterMenuBar: setRunning(false, *local*)
2023-07-18 17:21:55,031 INFO o.a.j.e.StandardJMeterEngine: Running the test!
2023-07-18 17:21:55,065 INFO o.a.j.s.SampleEvent: List of sample_variables: []
2023-07-18 17:21:55,093 INFO o.a.j.g.u.JMeterMenuBar: setRunning(true, *local*)
2023-07-18 17:21:56,953 INFO o.a.j.e.StandardJMeterEngine: Starting ThreadGroup: 1 : Thread Group
2023-07-18 17:21:56,953 INFO o.a.j.e.StandardJMeterEngine: Starting 15 threads for group Thread Group.
2023-07-18 17:21:56,953 INFO o.a.j.e.StandardJMeterEngine: Thread will continue on error
2023-07-18 17:21:56,954 INFO o.a.j.t.ThreadGroup: Starting thread group... number=1 threads=15 ramp-up=1 delayedStart=false
2023-07-18 17:21:57,061 INFO o.a.j.t.ThreadGroup: Started thread group number 1
2023-07-18 17:21:57,061 INFO o.a.j.e.StandardJMeterEngine: All thread groups have been started
2023-07-18 17:21:57,086 INFO o.a.j.t.JMeterThread: Thread started: Thread Group 1-1
2023-07-18 17:21:57,159 INFO o.a.j.t.JMeterThread: Thread started: Thread Group 1-2
2023-07-18 17:21:57,299 INFO o.a.j.t.JMeterThread: Thread started: Thread Group 1-4
2023-07-18 17:21:57,292 INFO o.a.j.t.JMeterThread: Thread started: Thread Group 1-3
2023-07-18 17:21:57,437 INFO o.a.j.t.JMeterThread: Thread started: Thread Group 1-5
2023-07-18 17:21:57,454 INFO o.a.j.t.JMeterThread: Thread started: Thread Group 1-7
2023-07-18 17:21:57,569 INFO o.a.j.t.JMeterThread: Thread started: Thread Group 1-6
2023-07-18 17:21:57,576 INFO o.a.j.t.JMeterThread: Thread started: Thread Group 1-8
2023-07-18 17:21:57,668 INFO o.a.j.t.JMeterThread: Thread started: Thread Group 1-9
2023-07-18 17:21:57,668 INFO o.a.j.t.JMeterThread: Thread started: Thread Group 1-10
2023-07-18 17:21:57,745 INFO o.a.j.t.JMeterThread: Thread started: Thread Group 1-11
2023-07-18 17:21:57,771 INFO o.a.j.t.JMeterThread: Thread started: Thread Group 1-12
2023-07-18 17:21:57,838 INFO o.a.j.t.JMeterThread: Thread started: Thread Group 1-13
2023-07-18 17:21:57,860 INFO o.a.j.t.JMeterThread: Thread started: Thread Group 1-14
2023-07-18 17:21:57,926 INFO o.a.j.t.JMeterThread: Thread started: Thread Group 1-15
2023-07-18 17:22:07,953 INFO o.a.j.t.JMeterThread: Thread is done: Thread Group 1-3
2023-07-18 17:22:07,954 INFO o.a.j.t.JMeterThread: Thread finished: Thread Group 1-3
2023-07-18 17:22:07,969 INFO o.a.j.t.JMeterThread: Thread is done: Thread Group 1-13
2023-07-18 17:22:07,970 INFO o.a.j.t.JMeterThread: Thread finished: Thread Group 1-13
2023-07-18 17:22:07,985 INFO o.a.j.t.JMeterThread: Thread is done: Thread Group 1-4
2023-07-18 17:22:07,986 INFO o.a.j.t.JMeterThread: Thread finished: Thread Group 1-4
2023-07-18 17:22:08,006 INFO o.a.j.t.JMeterThread: Thread is done: Thread Group 1-15
2023-07-18 17:22:08,007 INFO o.a.j.t.JMeterThread: Thread finished: Thread Group 1-15
2023-07-18 17:22:08,008 INFO o.a.j.t.JMeterThread: Thread is done: Thread Group 1-5
2023-07-18 17:22:08,008 INFO o.a.j.t.JMeterThread: Thread finished: Thread Group 1-5
2023-07-18 17:22:08,010 INFO o.a.j.t.JMeterThread: Thread is done: Thread Group 1-1
2023-07-18 17:22:08,011 INFO o.a.j.t.JMeterThread: Thread finished: Thread Group 1-1
2023-07-18 17:22:08,208 INFO o.a.j.t.JMeterThread: Thread is done: Thread Group 1-6
2023-07-18 17:22:08,211 INFO o.a.j.t.JMeterThread: Thread finished: Thread Group 1-6
2023-07-18 17:22:08,231 INFO o.a.j.t.JMeterThread: Thread is done: Thread Group 1-9
2023-07-18 17:22:08,232 INFO o.a.j.t.JMeterThread: Thread finished: Thread Group 1-9
2023-07-18 17:22:08,324 INFO o.a.j.t.JMeterThread: Thread is done: Thread Group 1-10
2023-07-18 17:22:08,360 INFO o.a.j.t.JMeterThread: Thread finished: Thread Group 1-10
2023-07-18 17:22:08,462 INFO o.a.j.t.JMeterThread: Thread is done: Thread Group 1-11
2023-07-18 17:22:08,462 INFO o.a.j.t.JMeterThread: Thread finished: Thread Group 1-11
2023-07-18 17:22:09,215 INFO o.a.j.t.JMeterThread: Thread is done: Thread Group 1-2
2023-07-18 17:22:09,215 INFO o.a.j.t.JMeterThread: Thread finished: Thread Group 1-2
2023-07-18 17:22:09,239 INFO o.a.j.t.JMeterThread: Thread is done: Thread Group 1-14
2023-07-18 17:22:09,239 INFO o.a.j.t.JMeterThread: Thread finished: Thread Group 1-14
2023-07-18 17:22:09,249 INFO o.a.j.t.JMeterThread: Thread is done: Thread Group 1-12
2023-07-18 17:22:09,249 INFO o.a.j.t.JMeterThread: Thread finished: Thread Group 1-12
2023-07-18 17:22:09,321 INFO o.a.j.t.JMeterThread: Thread is done: Thread Group 1-8
2023-07-18 17:22:09,322 INFO o.a.j.t.JMeterThread: Thread finished: Thread Group 1-8
2023-07-18 17:22:09,438 INFO o.a.j.t.JMeterThread: Thread is done: Thread Group 1-7
2023-07-18 17:22:09,438 INFO o.a.j.t.JMeterThread: Thread finished: Thread Group 1-7
2023-07-18 17:22:09,441 INFO o.a.j.e.StandardJMeterEngine: Notifying test listeners of end of test
2023-07-18 17:22:09,441 INFO o.a.j.g.u.JMeterMenuBar: setRunning(false, *local*)
2023-07-18 17:26:38,742 INFO o.a.j.e.StandardJMeterEngine: Running the test!
2023-07-18 17:26:38,769 INFO o.a.j.s.SampleEvent: List of sample_variables: []
2023-07-18 17:26:38,780 INFO o.a.j.g.u.JMeterMenuBar: setRunning(true, *local*)
2023-07-18 17:26:40,372 INFO o.a.j.e.StandardJMeterEngine: Starting ThreadGroup: 1 : Thread Group
2023-07-18 17:26:40,373 INFO o.a.j.e.StandardJMeterEngine: Starting 125 threads for group Thread Group.
2023-07-18 17:26:40,373 INFO o.a.j.e.StandardJMeterEngine: Thread will continue on error
2023-07-18 17:26:40,373 INFO o.a.j.t.ThreadGroup: Starting thread group... number=1 threads=125 ramp-up=1 delayedStart=false
2023-07-18 17:26:40,541 INFO o.a.j.t.ThreadGroup: Started thread group number 1
2023-07-18 17:26:40,542 INFO o.a.j.e.StandardJMeterEngine: All thread groups have been started
2023-07-18 17:26:40,545 INFO o.a.j.t.JMeterThread: Thread started: Thread Group 1-1
2023-07-18 17:26:40,566 INFO o.a.j.t.JMeterThread: Thread started: Thread Group 1-2
2023-07-18 17:26:40,579 INFO o.a.j.t.JMeterThread: Thread started: Thread Group 1-6
2023-07-18 17:26:40,583 INFO o.a.j.t.JMeterThread: Thread started: Thread Group 1-7
2023-07-18 17:26:40,597 INFO o.a.j.t.JMeterThread: Thread started: Thread Group 1-3
2023-07-18 17:26:40,605 INFO o.a.j.t.JMeterThread: Thread started: Thread Group 1-4
2023-07-18 17:26:40,621 INFO o.a.j.t.JMeterThread: Thread started: Thread Group 1-12
2023-07-18 17:26:40,633 INFO o.a.j.t.JMeterThread: Thread started: Thread Group 1-9
2023-07-18 17:26:40,681 INFO o.a.j.t.JMeterThread: Thread started: Thread Group 1-19
2023-07-18 17:26:40,681 INFO o.a.j.t.JMeterThread: Thread started: Thread Group 1-18
2023-07-18 17:26:40,688 INFO o.a.j.t.JMeterThread: Thread started: Thread Group 1-10
2023-07-18 17:26:40,702 INFO o.a.j.t.JMeterThread: Thread started: Thread Group 1-8
2023-07-18 17:26:40,702 INFO o.a.j.t.JMeterThread: Thread started: Thread Group 1-24
2023-07-18 17:26:40,825 INFO o.a.j.t.JMeterThread: Thread started: Thread Group 1-39
2023-07-18 17:26:40,827 INFO o.a.j.t.JMeterThread: Thread started: Thread Group 1-32
2023-07-18 17:26:40,831 INFO o.a.j.t.JMeterThread: Thread started: Thread Group 1-41
2023-07-18 17:26:40,824 INFO o.a.j.t.JMeterThread: Thread started: Thread Group 1-34
2023-07-18 17:26:40,827 INFO o.a.j.t.JMeterThread: Thread started: Thread Group 1-37
2023-07-18 17:26:40,823 INFO o.a.j.t.JMeterThread: Thread started: Thread Group 1-26
2023-07-18 17:26:40,823 INFO o.a.j.t.JMeterThread: Thread started: Thread Group 1-25
2023-07-18 17:26:40,950 INFO o.a.j.t.JMeterThread: Thread started: Thread Group 1-57
2023-07-18 17:26:40,950 INFO o.a.j.t.JMeterThread: Thread started: Thread Group 1-54
2023-07-18 17:26:40,954 INFO o.a.j.t.JMeterThread: Thread started: Thread Group 1-56
2023-07-18 17:26:40,955 INFO o.a.j.t.JMeterThread: Thread started: Thread Group 1-59
2023-07-18 17:26:40,950 INFO o.a.j.t.JMeterThread: Thread started: Thread Group 1-53
2023-07-18 17:26:40,950 INFO o.a.j.t.JMeterThread: Thread started: Thread Group 1-50
2023-07-18 17:26:40,974 INFO o.a.j.t.JMeterThread: Thread started: Thread Group 1-5
2023-07-18 17:26:41,089 INFO o.a.j.t.JMeterThread: Thread started: Thread Group 1-72
2023-07-18 17:26:41,095 INFO o.a.j.t.JMeterThread: Thread started: Thread Group 1-74
2023-07-18 17:26:41,096 INFO o.a.j.t.JMeterThread: Thread started: Thread Group 1-80
2023-07-18 17:26:41,097 INFO o.a.j.t.JMeterThread: Thread started: Thread Group 1-70
2023-07-18 17:26:41,099 INFO o.a.j.t.JMeterThread: Thread started: Thread Group 1-86
2023-07-18 17:26:41,101 INFO o.a.j.t.JMeterThread: Thread started: Thread Group 1-73
2023-07-18 17:26:41,094 INFO o.a.j.t.JMeterThread: Thread started: Thread Group 1-62
2023-07-18 17:26:41,099 INFO o.a.j.t.JMeterThread: Thread started: Thread Group 1-83
2023-07-18 17:26:41,092 INFO o.a.j.t.JMeterThread: Thread started: Thread Group 1-61
2023-07-18 17:26:41,096 INFO o.a.j.t.JMeterThread: Thread started: Thread Group 1-75
2023-07-18 17:26:41,099 INFO o.a.j.t.JMeterThread: Thread started: Thread Group 1-84
2023-07-18 17:26:41,096 INFO o.a.j.t.JMeterThread: Thread started: Thread Group 1-77
2023-07-18 17:26:41,098 INFO o.a.j.t.JMeterThread: Thread started: Thread Group 1-82
2023-07-18 17:26:41,100 INFO o.a.j.t.JMeterThread: Thread started: Thread Group 1-87
2023-07-18 17:26:41,225 INFO o.a.j.t.JMeterThread: Thread started: Thread Group 1-14
2023-07-18 17:26:41,229 INFO o.a.j.t.JMeterThread: Thread started: Thread Group 1-16
2023-07-18 17:26:40,848 INFO o.a.j.t.JMeterThread: Thread started: Thread Group 1-48
2023-07-18 17:26:41,232 INFO o.a.j.t.JMeterThread: Thread started: Thread Group 1-17
2023-07-18 17:26:41,286 INFO o.a.j.t.JMeterThread: Thread started: Thread Group 1-13
2023-07-18 17:26:41,287 INFO o.a.j.t.JMeterThread: Thread started: Thread Group 1-20
2023-07-18 17:26:41,288 INFO o.a.j.t.JMeterThread: Thread started: Thread Group 1-15
2023-07-18 17:26:41,290 INFO o.a.j.t.JMeterThread: Thread started: Thread Group 1-27
2023-07-18 17:26:41,291 INFO o.a.j.t.JMeterThread: Thread started: Thread Group 1-21
2023-07-18 17:26:41,292 INFO o.a.j.t.JMeterThread: Thread started: Thread Group 1-29
2023-07-18 17:26:41,293 INFO o.a.j.t.JMeterThread: Thread started: Thread Group 1-22
2023-07-18 17:26:41,294 INFO o.a.j.t.JMeterThread: Thread started: Thread Group 1-23
2023-07-18 17:26:41,295 INFO o.a.j.t.JMeterThread: Thread started: Thread Group 1-31
2023-07-18 17:26:41,300 INFO o.a.j.t.JMeterThread: Thread started: Thread Group 1-33
2023-07-18 17:26:41,301 INFO o.a.j.t.JMeterThread: Thread started: Thread Group 1-35
2023-07-18 17:26:41,302 INFO o.a.j.t.JMeterThread: Thread started: Thread Group 1-30
2023-07-18 17:26:41,307 INFO o.a.j.t.JMeterThread: Thread started: Thread Group 1-36
2023-07-18 17:26:41,312 INFO o.a.j.t.JMeterThread: Thread started: Thread Group 1-28
2023-07-18 17:26:41,321 INFO o.a.j.t.JMeterThread: Thread started: Thread Group 1-38
2023-07-18 17:26:41,322 INFO o.a.j.t.JMeterThread: Thread started: Thread Group 1-40
2023-07-18 17:26:41,323 INFO o.a.j.t.JMeterThread: Thread started: Thread Group 1-42
2023-07-18 17:26:41,323 INFO o.a.j.t.JMeterThread: Thread started: Thread Group 1-43
2023-07-18 17:26:41,324 INFO o.a.j.t.JMeterThread: Thread started: Thread Group 1-44
2023-07-18 17:26:41,325 INFO o.a.j.t.JMeterThread: Thread started: Thread Group 1-45
2023-07-18 17:26:41,326 INFO o.a.j.t.JMeterThread: Thread started: Thread Group 1-47
2023-07-18 17:26:41,326 INFO o.a.j.t.JMeterThread: Thread started: Thread Group 1-46
2023-07-18 17:26:41,327 INFO o.a.j.t.JMeterThread: Thread started: Thread Group 1-51
2023-07-18 17:26:41,330 INFO o.a.j.t.JMeterThread: Thread started: Thread Group 1-52
2023-07-18 17:26:41,335 INFO o.a.j.t.JMeterThread: Thread started: Thread Group 1-55
2023-07-18 17:26:41,337 INFO o.a.j.t.JMeterThread: Thread started: Thread Group 1-66
2023-07-18 17:26:41,337 INFO o.a.j.t.JMeterThread: Thread started: Thread Group 1-69
2023-07-18 17:26:41,338 INFO o.a.j.t.JMeterThread: Thread started: Thread Group 1-71
2023-07-18 17:26:41,339 INFO o.a.j.t.JMeterThread: Thread started: Thread Group 1-63
2023-07-18 17:26:41,341 INFO o.a.j.t.JMeterThread: Thread started: Thread Group 1-65
2023-07-18 17:26:41,342 INFO o.a.j.t.JMeterThread: Thread started: Thread Group 1-67
2023-07-18 17:26:41,680 INFO o.a.j.t.JMeterThread: Thread started: Thread Group 1-58
2023-07-18 17:26:41,675 INFO o.a.j.t.JMeterThread: Thread started: Thread Group 1-64
2023-07-18 17:26:41,671 INFO o.a.j.t.JMeterThread: Thread started: Thread Group 1-90
2023-07-18 17:26:40,848 INFO o.a.j.t.JMeterThread: Thread started: Thread Group 1-49
2023-07-18 17:26:41,230 INFO o.a.j.t.JMeterThread: Thread started: Thread Group 1-11
2023-07-18 17:26:41,362 INFO o.a.j.t.JMeterThread: Thread started: Thread Group 1-88
2023-07-18 17:26:41,362 INFO o.a.j.t.JMeterThread: Thread started: Thread Group 1-89
2023-07-18 17:26:41,362 INFO o.a.j.t.JMeterThread: Thread started: Thread Group 1-76
2023-07-18 17:26:41,362 INFO o.a.j.t.JMeterThread: Thread started: Thread Group 1-85
2023-07-18 17:26:41,346 INFO o.a.j.t.JMeterThread: Thread started: Thread Group 1-81
2023-07-18 17:26:41,346 INFO o.a.j.t.JMeterThread: Thread started: Thread Group 1-79
2023-07-18 17:26:41,344 INFO o.a.j.t.JMeterThread: Thread started: Thread Group 1-78
2023-07-18 17:26:41,343 INFO o.a.j.t.JMeterThread: Thread started: Thread Group 1-68
2023-07-18 17:26:41,676 INFO o.a.j.t.JMeterThread: Thread started: Thread Group 1-60
2023-07-18 17:26:42,490 INFO o.a.j.t.JMeterThread: Thread started: Thread Group 1-92
2023-07-18 17:26:42,500 INFO o.a.j.t.JMeterThread: Thread started: Thread Group 1-93
2023-07-18 17:26:42,514 INFO o.a.j.t.JMeterThread: Thread started: Thread Group 1-94
2023-07-18 17:26:42,519 INFO o.a.j.t.JMeterThread: Thread started: Thread Group 1-95
2023-07-18 17:26:42,526 INFO o.a.j.t.JMeterThread: Thread started: Thread Group 1-96
2023-07-18 17:26:42,533 INFO o.a.j.t.JMeterThread: Thread started: Thread Group 1-97
2023-07-18 17:26:42,542 INFO o.a.j.t.JMeterThread: Thread started: Thread Group 1-98
2023-07-18 17:26:42,548 INFO o.a.j.t.JMeterThread: Thread started: Thread Group 1-99
2023-07-18 17:26:42,566 INFO o.a.j.t.JMeterThread: Thread started: Thread Group 1-101
2023-07-18 17:26:42,599 INFO o.a.j.t.JMeterThread: Thread started: Thread Group 1-102
2023-07-18 17:26:42,602 INFO o.a.j.t.JMeterThread: Thread started: Thread Group 1-104
2023-07-18 17:26:42,605 INFO o.a.j.t.JMeterThread: Thread started: Thread Group 1-105
2023-07-18 17:26:42,618 INFO o.a.j.t.JMeterThread: Thread started: Thread Group 1-106
2023-07-18 17:26:42,621 INFO o.a.j.t.JMeterThread: Thread started: Thread Group 1-107
2023-07-18 17:26:42,627 INFO o.a.j.t.JMeterThread: Thread started: Thread Group 1-109
2023-07-18 17:26:42,638 INFO o.a.j.t.JMeterThread: Thread started: Thread Group 1-110
2023-07-18 17:26:42,740 INFO o.a.j.t.JMeterThread: Thread started: Thread Group 1-111
2023-07-18 17:26:42,743 INFO o.a.j.t.JMeterThread: Thread started: Thread Group 1-112
2023-07-18 17:26:42,744 INFO o.a.j.t.JMeterThread: Thread started: Thread Group 1-114
2023-07-18 17:26:42,746 INFO o.a.j.t.JMeterThread: Thread started: Thread Group 1-115
2023-07-18 17:26:42,747 INFO o.a.j.t.JMeterThread: Thread started: Thread Group 1-116
2023-07-18 17:26:42,747 INFO o.a.j.t.JMeterThread: Thread started: Thread Group 1-117
2023-07-18 17:26:42,748 INFO o.a.j.t.JMeterThread: Thread started: Thread Group 1-118
2023-07-18 17:26:42,751 INFO o.a.j.t.JMeterThread: Thread started: Thread Group 1-119
2023-07-18 17:26:42,752 INFO o.a.j.t.JMeterThread: Thread started: Thread Group 1-120
2023-07-18 17:26:42,760 INFO o.a.j.t.JMeterThread: Thread started: Thread Group 1-121
2023-07-18 17:26:42,761 INFO o.a.j.t.JMeterThread: Thread started: Thread Group 1-123
2023-07-18 17:26:42,762 INFO o.a.j.t.JMeterThread: Thread started: Thread Group 1-125
2023-07-18 17:26:42,917 INFO o.a.j.t.JMeterThread: Thread started: Thread Group 1-91
2023-07-18 17:26:42,954 INFO o.a.j.t.JMeterThread: Thread started: Thread Group 1-100
2023-07-18 17:26:42,961 INFO o.a.j.t.JMeterThread: Thread started: Thread Group 1-103
2023-07-18 17:26:42,967 INFO o.a.j.t.JMeterThread: Thread started: Thread Group 1-108
2023-07-18 17:26:42,973 INFO o.a.j.t.JMeterThread: Thread started: Thread Group 1-113
2023-07-18 17:26:42,980 INFO o.a.j.t.JMeterThread: Thread started: Thread Group 1-124
2023-07-18 17:26:42,994 INFO o.a.j.t.JMeterThread: Thread started: Thread Group 1-122
2023-07-18 17:26:44,774 INFO o.a.j.t.JMeterThread: Thread is done: Thread Group 1-5
2023-07-18 17:26:44,774 INFO o.a.j.t.JMeterThread: Thread finished: Thread Group 1-5
2023-07-18 17:26:45,057 INFO o.a.j.t.JMeterThread: Thread is done: Thread Group 1-112
2023-07-18 17:26:45,058 INFO o.a.j.t.JMeterThread: Thread finished: Thread Group 1-112
2023-07-18 17:26:45,066 INFO o.a.j.t.JMeterThread: Thread is done: Thread Group 1-123
2023-07-18 17:26:45,066 INFO o.a.j.t.JMeterThread: Thread finished: Thread Group 1-123
2023-07-18 17:26:45,086 INFO o.a.j.t.JMeterThread: Thread is done: Thread Group 1-58
2023-07-18 17:26:45,087 INFO o.a.j.t.JMeterThread: Thread finished: Thread Group 1-58
2023-07-18 17:26:45,093 INFO o.a.j.t.JMeterThread: Thread is done: Thread Group 1-67
2023-07-18 17:26:45,094 INFO o.a.j.t.JMeterThread: Thread finished: Thread Group 1-67
2023-07-18 17:26:45,103 INFO o.a.j.t.JMeterThread: Thread is done: Thread Group 1-14
2023-07-18 17:26:45,103 INFO o.a.j.t.JMeterThread: Thread finished: Thread Group 1-14
2023-07-18 17:26:45,117 INFO o.a.j.t.JMeterThread: Thread is done: Thread Group 1-40
2023-07-18 17:26:45,117 INFO o.a.j.t.JMeterThread: Thread finished: Thread Group 1-40
2023-07-18 17:26:45,122 INFO o.a.j.t.JMeterThread: Thread is done: Thread Group 1-23
2023-07-18 17:26:45,122 INFO o.a.j.t.JMeterThread: Thread finished: Thread Group 1-23
2023-07-18 17:26:45,135 INFO o.a.j.t.JMeterThread: Thread is done: Thread Group 1-79
2023-07-18 17:26:45,135 INFO o.a.j.t.JMeterThread: Thread finished: Thread Group 1-79
2023-07-18 17:26:45,138 INFO o.a.j.t.JMeterThread: Thread is done: Thread Group 1-73
2023-07-18 17:26:45,139 INFO o.a.j.t.JMeterThread: Thread finished: Thread Group 1-73
2023-07-18 17:26:45,146 INFO o.a.j.t.JMeterThread: Thread is done: Thread Group 1-10
2023-07-18 17:26:45,146 INFO o.a.j.t.JMeterThread: Thread finished: Thread Group 1-10
2023-07-18 17:26:45,151 INFO o.a.j.t.JMeterThread: Thread is done: Thread Group 1-50
2023-07-18 17:26:45,151 INFO o.a.j.t.JMeterThread: Thread finished: Thread Group 1-50
2023-07-18 17:26:45,157 INFO o.a.j.t.JMeterThread: Thread is done: Thread Group 1-84
2023-07-18 17:26:45,158 INFO o.a.j.t.JMeterThread: Thread finished: Thread Group 1-84
2023-07-18 17:26:45,178 INFO o.a.j.t.JMeterThread: Thread is done: Thread Group 1-1
2023-07-18 17:26:45,178 INFO o.a.j.t.JMeterThread: Thread finished: Thread Group 1-1
2023-07-18 17:26:45,187 INFO o.a.j.t.JMeterThread: Thread is done: Thread Group 1-85
2023-07-18 17:26:45,188 INFO o.a.j.t.JMeterThread: Thread finished: Thread Group 1-85
2023-07-18 17:26:45,193 INFO o.a.j.t.JMeterThread: Thread is done: Thread Group 1-37
2023-07-18 17:26:45,193 INFO o.a.j.t.JMeterThread: Thread finished: Thread Group 1-37
2023-07-18 17:26:45,198 INFO o.a.j.t.JMeterThread: Thread is done: Thread Group 1-30
2023-07-18 17:26:45,199 INFO o.a.j.t.JMeterThread: Thread finished: Thread Group 1-30
2023-07-18 17:26:45,206 INFO o.a.j.t.JMeterThread: Thread is done: Thread Group 1-44
2023-07-18 17:26:45,206 INFO o.a.j.t.JMeterThread: Thread finished: Thread Group 1-44
2023-07-18 17:26:45,217 INFO o.a.j.t.JMeterThread: Thread is done: Thread Group 1-42
2023-07-18 17:26:45,217 INFO o.a.j.t.JMeterThread: Thread finished: Thread Group 1-42
2023-07-18 17:26:45,222 INFO o.a.j.t.JMeterThread: Thread is done: Thread Group 1-33
2023-07-18 17:26:45,222 INFO o.a.j.t.JMeterThread: Thread finished: Thread Group 1-33
2023-07-18 17:26:45,226 INFO o.a.j.t.JMeterThread: Thread is done: Thread Group 1-15
2023-07-18 17:26:45,226 INFO o.a.j.t.JMeterThread: Thread finished: Thread Group 1-15
2023-07-18 17:26:45,232 INFO o.a.j.t.JMeterThread: Thread is done: Thread Group 1-63
2023-07-18 17:26:45,232 INFO o.a.j.t.JMeterThread: Thread finished: Thread Group 1-63
2023-07-18 17:26:45,237 INFO o.a.j.t.JMeterThread: Thread is done: Thread Group 1-53
2023-07-18 17:26:45,237 INFO o.a.j.t.JMeterThread: Thread finished: Thread Group 1-53
2023-07-18 17:26:45,242 INFO o.a.j.t.JMeterThread: Thread is done: Thread Group 1-81
2023-07-18 17:26:45,242 INFO o.a.j.t.JMeterThread: Thread finished: Thread Group 1-81
2023-07-18 17:26:45,259 INFO o.a.j.t.JMeterThread: Thread is done: Thread Group 1-54
2023-07-18 17:26:45,259 INFO o.a.j.t.JMeterThread: Thread finished: Thread Group 1-54
2023-07-18 17:26:45,260 INFO o.a.j.t.JMeterThread: Thread is done: Thread Group 1-4
2023-07-18 17:26:45,260 INFO o.a.j.t.JMeterThread: Thread finished: Thread Group 1-4
2023-07-18 17:26:45,261 INFO o.a.j.t.JMeterThread: Thread is done: Thread Group 1-41
2023-07-18 17:26:45,261 INFO o.a.j.t.JMeterThread: Thread finished: Thread Group 1-41
2023-07-18 17:26:45,281 INFO o.a.j.t.JMeterThread: Thread is done: Thread Group 1-70
2023-07-18 17:26:45,281 INFO o.a.j.t.JMeterThread: Thread finished: Thread Group 1-70
2023-07-18 17:26:45,284 INFO o.a.j.t.JMeterThread: Thread is done: Thread Group 1-59
2023-07-18 17:26:45,284 INFO o.a.j.t.JMeterThread: Thread finished: Thread Group 1-59
2023-07-18 17:26:45,288 INFO o.a.j.t.JMeterThread: Thread is done: Thread Group 1-36
2023-07-18 17:26:45,288 INFO o.a.j.t.JMeterThread: Thread finished: Thread Group 1-36
2023-07-18 17:26:45,294 INFO o.a.j.t.JMeterThread: Thread is done: Thread Group 1-31
2023-07-18 17:26:45,295 INFO o.a.j.t.JMeterThread: Thread finished: Thread Group 1-31
2023-07-18 17:26:45,296 INFO o.a.j.t.JMeterThread: Thread is done: Thread Group 1-9
2023-07-18 17:26:45,296 INFO o.a.j.t.JMeterThread: Thread finished: Thread Group 1-9
2023-07-18 17:26:45,300 INFO o.a.j.t.JMeterThread: Thread is done: Thread Group 1-2
2023-07-18 17:26:45,300 INFO o.a.j.t.JMeterThread: Thread finished: Thread Group 1-2
2023-07-18 17:26:45,302 INFO o.a.j.t.JMeterThread: Thread is done: Thread Group 1-57
2023-07-18 17:26:45,302 INFO o.a.j.t.JMeterThread: Thread finished: Thread Group 1-57
2023-07-18 17:26:45,304 INFO o.a.j.t.JMeterThread: Thread is done: Thread Group 1-19
2023-07-18 17:26:45,304 INFO o.a.j.t.JMeterThread: Thread finished: Thread Group 1-19
2023-07-18 17:26:45,307 INFO o.a.j.t.JMeterThread: Thread is done: Thread Group 1-47
2023-07-18 17:26:45,307 INFO o.a.j.t.JMeterThread: Thread finished: Thread Group 1-47
2023-07-18 17:26:45,308 INFO o.a.j.t.JMeterThread: Thread is done: Thread Group 1-77
2023-07-18 17:26:45,308 INFO o.a.j.t.JMeterThread: Thread finished: Thread Group 1-77
2023-07-18 17:26:45,312 INFO o.a.j.t.JMeterThread: Thread is done: Thread Group 1-26
2023-07-18 17:26:45,312 INFO o.a.j.t.JMeterThread: Thread finished: Thread Group 1-26
2023-07-18 17:26:45,315 INFO o.a.j.t.JMeterThread: Thread is done: Thread Group 1-75
2023-07-18 17:26:45,315 INFO o.a.j.t.JMeterThread: Thread finished: Thread Group 1-75
2023-07-18 17:26:45,317 INFO o.a.j.t.JMeterThread: Thread is done: Thread Group 1-18
2023-07-18 17:26:45,317 INFO o.a.j.t.JMeterThread: Thread finished: Thread Group 1-18
2023-07-18 17:26:45,321 INFO o.a.j.t.JMeterThread: Thread is done: Thread Group 1-64
2023-07-18 17:26:45,321 INFO o.a.j.t.JMeterThread: Thread finished: Thread Group 1-64
2023-07-18 17:26:45,328 INFO o.a.j.t.JMeterThread: Thread is done: Thread Group 1-3
2023-07-18 17:26:45,328 INFO o.a.j.t.JMeterThread: Thread finished: Thread Group 1-3
2023-07-18 17:26:45,332 INFO o.a.j.t.JMeterThread: Thread is done: Thread Group 1-86
2023-07-18 17:26:45,332 INFO o.a.j.t.JMeterThread: Thread finished: Thread Group 1-86
2023-07-18 17:26:45,334 INFO o.a.j.t.JMeterThread: Thread is done: Thread Group 1-82
2023-07-18 17:26:45,335 INFO o.a.j.t.JMeterThread: Thread finished: Thread Group 1-82
2023-07-18 17:26:45,343 INFO o.a.j.t.JMeterThread: Thread is done: Thread Group 1-27
2023-07-18 17:26:45,343 INFO o.a.j.t.JMeterThread: Thread finished: Thread Group 1-27
2023-07-18 17:26:45,348 INFO o.a.j.t.JMeterThread: Thread is done: Thread Group 1-29
2023-07-18 17:26:45,348 INFO o.a.j.t.JMeterThread: Thread finished: Thread Group 1-29
2023-07-18 17:26:45,350 INFO o.a.j.t.JMeterThread: Thread is done: Thread Group 1-68
2023-07-18 17:26:45,350 INFO o.a.j.t.JMeterThread: Thread finished: Thread Group 1-68
2023-07-18 17:26:45,354 INFO o.a.j.t.JMeterThread: Thread is done: Thread Group 1-45
2023-07-18 17:26:45,354 INFO o.a.j.t.JMeterThread: Thread finished: Thread Group 1-45
2023-07-18 17:26:45,364 INFO o.a.j.t.JMeterThread: Thread is done: Thread Group 1-32
2023-07-18 17:26:45,364 INFO o.a.j.t.JMeterThread: Thread finished: Thread Group 1-32
2023-07-18 17:26:45,368 INFO o.a.j.t.JMeterThread: Thread is done: Thread Group 1-20
2023-07-18 17:26:45,368 INFO o.a.j.t.JMeterThread: Thread finished: Thread Group 1-20
2023-07-18 17:26:45,375 INFO o.a.j.t.JMeterThread: Thread is done: Thread Group 1-89
2023-07-18 17:26:45,375 INFO o.a.j.t.JMeterThread: Thread finished: Thread Group 1-89
2023-07-18 17:26:45,383 INFO o.a.j.t.JMeterThread: Thread is done: Thread Group 1-17
2023-07-18 17:26:45,383 INFO o.a.j.t.JMeterThread: Thread finished: Thread Group 1-17
2023-07-18 17:26:45,391 INFO o.a.j.t.JMeterThread: Thread is done: Thread Group 1-120
2023-07-18 17:26:45,391 INFO o.a.j.t.JMeterThread: Thread finished: Thread Group 1-120
2023-07-18 17:26:45,398 INFO o.a.j.t.JMeterThread: Thread is done: Thread Group 1-76
2023-07-18 17:26:45,398 INFO o.a.j.t.JMeterThread: Thread finished: Thread Group 1-76
2023-07-18 17:26:45,402 INFO o.a.j.t.JMeterThread: Thread is done: Thread Group 1-96
2023-07-18 17:26:45,402 INFO o.a.j.t.JMeterThread: Thread finished: Thread Group 1-96
2023-07-18 17:26:45,406 INFO o.a.j.t.JMeterThread: Thread is done: Thread Group 1-116
2023-07-18 17:26:45,406 INFO o.a.j.t.JMeterThread: Thread finished: Thread Group 1-116
2023-07-18 17:26:45,409 INFO o.a.j.t.JMeterThread: Thread is done: Thread Group 1-61
2023-07-18 17:26:45,410 INFO o.a.j.t.JMeterThread: Thread finished: Thread Group 1-61
2023-07-18 17:26:45,415 INFO o.a.j.t.JMeterThread: Thread is done: Thread Group 1-72
2023-07-18 17:26:45,415 INFO o.a.j.t.JMeterThread: Thread finished: Thread Group 1-72
2023-07-18 17:26:45,417 INFO o.a.j.t.JMeterThread: Thread is done: Thread Group 1-115
2023-07-18 17:26:45,418 INFO o.a.j.t.JMeterThread: Thread finished: Thread Group 1-115
2023-07-18 17:26:45,421 INFO o.a.j.t.JMeterThread: Thread is done: Thread Group 1-7
2023-07-18 17:26:45,422 INFO o.a.j.t.JMeterThread: Thread finished: Thread Group 1-7
2023-07-18 17:26:45,426 INFO o.a.j.t.JMeterThread: Thread is done: Thread Group 1-111
2023-07-18 17:26:45,426 INFO o.a.j.t.JMeterThread: Thread finished: Thread Group 1-111
2023-07-18 17:26:45,434 INFO o.a.j.t.JMeterThread: Thread is done: Thread Group 1-122
2023-07-18 17:26:45,434 INFO o.a.j.t.JMeterThread: Thread finished: Thread Group 1-122
2023-07-18 17:26:45,442 INFO o.a.j.t.JMeterThread: Thread is done: Thread Group 1-24
2023-07-18 17:26:45,443 INFO o.a.j.t.JMeterThread: Thread finished: Thread Group 1-24
2023-07-18 17:26:45,450 INFO o.a.j.t.JMeterThread: Thread is done: Thread Group 1-100
2023-07-18 17:26:45,450 INFO o.a.j.t.JMeterThread: Thread finished: Thread Group 1-100
2023-07-18 17:26:45,457 INFO o.a.j.t.JMeterThread: Thread is done: Thread Group 1-99
2023-07-18 17:26:45,457 INFO o.a.j.t.JMeterThread: Thread finished: Thread Group 1-99
2023-07-18 17:26:45,466 INFO o.a.j.t.JMeterThread: Thread is done: Thread Group 1-90
2023-07-18 17:26:45,466 INFO o.a.j.t.JMeterThread: Thread finished: Thread Group 1-90
2023-07-18 17:26:45,476 INFO o.a.j.t.JMeterThread: Thread is done: Thread Group 1-66
2023-07-18 17:26:45,476 INFO o.a.j.t.JMeterThread: Thread finished: Thread Group 1-66
2023-07-18 17:26:45,484 INFO o.a.j.t.JMeterThread: Thread is done: Thread Group 1-71
2023-07-18 17:26:45,484 INFO o.a.j.t.JMeterThread: Thread finished: Thread Group 1-71
2023-07-18 17:26:45,487 INFO o.a.j.t.JMeterThread: Thread is done: Thread Group 1-91
2023-07-18 17:26:45,488 INFO o.a.j.t.JMeterThread: Thread finished: Thread Group 1-91
2023-07-18 17:26:45,493 INFO o.a.j.t.JMeterThread: Thread is done: Thread Group 1-109
2023-07-18 17:26:45,494 INFO o.a.j.t.JMeterThread: Thread finished: Thread Group 1-109
2023-07-18 17:26:45,510 INFO o.a.j.t.JMeterThread: Thread is done: Thread Group 1-22
2023-07-18 17:26:45,510 INFO o.a.j.t.JMeterThread: Thread finished: Thread Group 1-22
2023-07-18 17:26:45,517 INFO o.a.j.t.JMeterThread: Thread is done: Thread Group 1-117
2023-07-18 17:26:45,517 INFO o.a.j.t.JMeterThread: Thread finished: Thread Group 1-117
2023-07-18 17:26:45,524 INFO o.a.j.t.JMeterThread: Thread is done: Thread Group 1-104
2023-07-18 17:26:45,524 INFO o.a.j.t.JMeterThread: Thread finished: Thread Group 1-104
2023-07-18 17:26:45,531 INFO o.a.j.t.JMeterThread: Thread is done: Thread Group 1-74
2023-07-18 17:26:45,532 INFO o.a.j.t.JMeterThread: Thread finished: Thread Group 1-74
2023-07-18 17:26:45,537 INFO o.a.j.t.JMeterThread: Thread is done: Thread Group 1-8
2023-07-18 17:26:45,538 INFO o.a.j.t.JMeterThread: Thread finished: Thread Group 1-8
2023-07-18 17:26:45,543 INFO o.a.j.t.JMeterThread: Thread is done: Thread Group 1-102
2023-07-18 17:26:45,543 INFO o.a.j.t.JMeterThread: Thread finished: Thread Group 1-102
2023-07-18 17:26:45,551 INFO o.a.j.t.JMeterThread: Thread is done: Thread Group 1-52
2023-07-18 17:26:45,552 INFO o.a.j.t.JMeterThread: Thread finished: Thread Group 1-52
2023-07-18 17:26:45,553 INFO o.a.j.t.JMeterThread: Thread is done: Thread Group 1-124
2023-07-18 17:26:45,553 INFO o.a.j.t.JMeterThread: Thread finished: Thread Group 1-124
2023-07-18 17:26:45,555 INFO o.a.j.t.JMeterThread: Thread is done: Thread Group 1-98
2023-07-18 17:26:45,555 INFO o.a.j.t.JMeterThread: Thread finished: Thread Group 1-98
2023-07-18 17:26:45,561 INFO o.a.j.t.JMeterThread: Thread is done: Thread Group 1-16
2023-07-18 17:26:45,562 INFO o.a.j.t.JMeterThread: Thread finished: Thread Group 1-16
2023-07-18 17:26:45,566 INFO o.a.j.t.JMeterThread: Thread is done: Thread Group 1-106
2023-07-18 17:26:45,566 INFO o.a.j.t.JMeterThread: Thread finished: Thread Group 1-106
2023-07-18 17:26:45,568 INFO o.a.j.t.JMeterThread: Thread is done: Thread Group 1-118
2023-07-18 17:26:45,568 INFO o.a.j.t.JMeterThread: Thread finished: Thread Group 1-118
2023-07-18 17:26:45,570 INFO o.a.j.t.JMeterThread: Thread is done: Thread Group 1-46
2023-07-18 17:26:45,570 INFO o.a.j.t.JMeterThread: Thread finished: Thread Group 1-46
2023-07-18 17:26:45,573 INFO o.a.j.t.JMeterThread: Thread is done: Thread Group 1-93
2023-07-18 17:26:45,573 INFO o.a.j.t.JMeterThread: Thread finished: Thread Group 1-93
2023-07-18 17:26:45,576 INFO o.a.j.t.JMeterThread: Thread is done: Thread Group 1-56
2023-07-18 17:26:45,577 INFO o.a.j.t.JMeterThread: Thread finished: Thread Group 1-56
2023-07-18 17:26:45,583 INFO o.a.j.t.JMeterThread: Thread is done: Thread Group 1-65
2023-07-18 17:26:45,584 INFO o.a.j.t.JMeterThread: Thread finished: Thread Group 1-65
2023-07-18 17:26:45,591 INFO o.a.j.t.JMeterThread: Thread is done: Thread Group 1-108
2023-07-18 17:26:45,591 INFO o.a.j.t.JMeterThread: Thread finished: Thread Group 1-108
2023-07-18 17:26:45,595 INFO o.a.j.t.JMeterThread: Thread is done: Thread Group 1-107
2023-07-18 17:26:45,595 INFO o.a.j.t.JMeterThread: Thread finished: Thread Group 1-107
2023-07-18 17:26:45,598 INFO o.a.j.t.JMeterThread: Thread is done: Thread Group 1-51
2023-07-18 17:26:45,598 INFO o.a.j.t.JMeterThread: Thread finished: Thread Group 1-51
2023-07-18 17:26:45,600 INFO o.a.j.t.JMeterThread: Thread is done: Thread Group 1-38
2023-07-18 17:26:45,600 INFO o.a.j.t.JMeterThread: Thread finished: Thread Group 1-38
2023-07-18 17:26:45,603 INFO o.a.j.t.JMeterThread: Thread is done: Thread Group 1-97
2023-07-18 17:26:45,603 INFO o.a.j.t.JMeterThread: Thread finished: Thread Group 1-97
2023-07-18 17:26:45,605 INFO o.a.j.t.JMeterThread: Thread is done: Thread Group 1-11
2023-07-18 17:26:45,605 INFO o.a.j.t.JMeterThread: Thread finished: Thread Group 1-11
2023-07-18 17:26:45,608 INFO o.a.j.t.JMeterThread: Thread is done: Thread Group 1-121
2023-07-18 17:26:45,609 INFO o.a.j.t.JMeterThread: Thread finished: Thread Group 1-121
2023-07-18 17:26:45,610 INFO o.a.j.t.JMeterThread: Thread is done: Thread Group 1-25
2023-07-18 17:26:45,610 INFO o.a.j.t.JMeterThread: Thread finished: Thread Group 1-25
2023-07-18 17:26:45,612 INFO o.a.j.t.JMeterThread: Thread is done: Thread Group 1-95
2023-07-18 17:26:45,613 INFO o.a.j.t.JMeterThread: Thread finished: Thread Group 1-95
2023-07-18 17:26:45,615 INFO o.a.j.t.JMeterThread: Thread is done: Thread Group 1-83
2023-07-18 17:26:45,615 INFO o.a.j.t.JMeterThread: Thread finished: Thread Group 1-83
2023-07-18 17:26:45,617 INFO o.a.j.t.JMeterThread: Thread is done: Thread Group 1-28
2023-07-18 17:26:45,617 INFO o.a.j.t.JMeterThread: Thread finished: Thread Group 1-28
2023-07-18 17:26:45,624 INFO o.a.j.t.JMeterThread: Thread is done: Thread Group 1-119
2023-07-18 17:26:45,624 INFO o.a.j.t.JMeterThread: Thread finished: Thread Group 1-119
2023-07-18 17:26:45,627 INFO o.a.j.t.JMeterThread: Thread is done: Thread Group 1-35
2023-07-18 17:26:45,628 INFO o.a.j.t.JMeterThread: Thread finished: Thread Group 1-35
2023-07-18 17:26:45,632 INFO o.a.j.t.JMeterThread: Thread is done: Thread Group 1-103
2023-07-18 17:26:45,632 INFO o.a.j.t.JMeterThread: Thread finished: Thread Group 1-103
2023-07-18 17:26:45,638 INFO o.a.j.t.JMeterThread: Thread is done: Thread Group 1-87
2023-07-18 17:26:45,638 INFO o.a.j.t.JMeterThread: Thread finished: Thread Group 1-87
2023-07-18 17:26:45,640 INFO o.a.j.t.JMeterThread: Thread is done: Thread Group 1-88
2023-07-18 17:26:45,640 INFO o.a.j.t.JMeterThread: Thread finished: Thread Group 1-88
2023-07-18 17:26:45,642 INFO o.a.j.t.JMeterThread: Thread is done: Thread Group 1-105
2023-07-18 17:26:45,642 INFO o.a.j.t.JMeterThread: Thread finished: Thread Group 1-105
2023-07-18 17:26:45,653 INFO o.a.j.t.JMeterThread: Thread is done: Thread Group 1-113
2023-07-18 17:26:45,653 INFO o.a.j.t.JMeterThread: Thread finished: Thread Group 1-113
2023-07-18 17:26:45,659 INFO o.a.j.t.JMeterThread: Thread is done: Thread Group 1-101
2023-07-18 17:26:45,659 INFO o.a.j.t.JMeterThread: Thread finished: Thread Group 1-101
2023-07-18 17:26:45,665 INFO o.a.j.t.JMeterThread: Thread is done: Thread Group 1-13
2023-07-18 17:26:45,665 INFO o.a.j.t.JMeterThread: Thread finished: Thread Group 1-13
2023-07-18 17:26:45,682 INFO o.a.j.t.JMeterThread: Thread is done: Thread Group 1-92
2023-07-18 17:26:45,683 INFO o.a.j.t.JMeterThread: Thread finished: Thread Group 1-92
2023-07-18 17:26:45,697 INFO o.a.j.t.JMeterThread: Thread is done: Thread Group 1-125
2023-07-18 17:26:45,697 INFO o.a.j.t.JMeterThread: Thread finished: Thread Group 1-125
2023-07-18 17:26:45,709 INFO o.a.j.t.JMeterThread: Thread is done: Thread Group 1-60
2023-07-18 17:26:45,709 INFO o.a.j.t.JMeterThread: Thread finished: Thread Group 1-60
2023-07-18 17:26:45,715 INFO o.a.j.t.JMeterThread: Thread is done: Thread Group 1-49
2023-07-18 17:26:45,715 INFO o.a.j.t.JMeterThread: Thread finished: Thread Group 1-49
2023-07-18 17:26:45,722 INFO o.a.j.t.JMeterThread: Thread is done: Thread Group 1-55
2023-07-18 17:26:45,723 INFO o.a.j.t.JMeterThread: Thread finished: Thread Group 1-55
2023-07-18 17:26:45,733 INFO o.a.j.t.JMeterThread: Thread is done: Thread Group 1-114
2023-07-18 17:26:45,733 INFO o.a.j.t.JMeterThread: Thread finished: Thread Group 1-114
2023-07-18 17:26:45,858 INFO o.a.j.t.JMeterThread: Thread is done: Thread Group 1-6
2023-07-18 17:26:45,859 INFO o.a.j.t.JMeterThread: Thread finished: Thread Group 1-6
2023-07-18 17:26:45,861 INFO o.a.j.t.JMeterThread: Thread is done: Thread Group 1-69
2023-07-18 17:26:45,861 INFO o.a.j.t.JMeterThread: Thread finished: Thread Group 1-69
2023-07-18 17:26:45,889 INFO o.a.j.t.JMeterThread: Thread is done: Thread Group 1-48
2023-07-18 17:26:45,892 INFO o.a.j.t.JMeterThread: Thread finished: Thread Group 1-48
2023-07-18 17:26:45,902 INFO o.a.j.t.JMeterThread: Thread is done: Thread Group 1-80
2023-07-18 17:26:45,902 INFO o.a.j.t.JMeterThread: Thread finished: Thread Group 1-80
2023-07-18 17:26:45,929 INFO o.a.j.t.JMeterThread: Thread is done: Thread Group 1-94
2023-07-18 17:26:45,929 INFO o.a.j.t.JMeterThread: Thread finished: Thread Group 1-94
2023-07-18 17:26:45,934 INFO o.a.j.t.JMeterThread: Thread is done: Thread Group 1-43
2023-07-18 17:26:45,934 INFO o.a.j.t.JMeterThread: Thread finished: Thread Group 1-43
2023-07-18 17:26:45,940 INFO o.a.j.t.JMeterThread: Thread is done: Thread Group 1-110
2023-07-18 17:26:45,940 INFO o.a.j.t.JMeterThread: Thread finished: Thread Group 1-110
2023-07-18 17:26:46,010 INFO o.a.j.t.JMeterThread: Thread is done: Thread Group 1-62
2023-07-18 17:26:46,010 INFO o.a.j.t.JMeterThread: Thread finished: Thread Group 1-62
2023-07-18 17:26:46,016 INFO o.a.j.t.JMeterThread: Thread is done: Thread Group 1-12
2023-07-18 17:26:46,016 INFO o.a.j.t.JMeterThread: Thread finished: Thread Group 1-12
2023-07-18 17:26:46,022 INFO o.a.j.t.JMeterThread: Thread is done: Thread Group 1-21
2023-07-18 17:26:46,022 INFO o.a.j.t.JMeterThread: Thread finished: Thread Group 1-21
2023-07-18 17:26:46,026 INFO o.a.j.t.JMeterThread: Thread is done: Thread Group 1-39
2023-07-18 17:26:46,026 INFO o.a.j.t.JMeterThread: Thread finished: Thread Group 1-39
2023-07-18 17:26:48,510 INFO o.a.j.t.JMeterThread: Thread is done: Thread Group 1-34
2023-07-18 17:26:48,510 INFO o.a.j.t.JMeterThread: Thread finished: Thread Group 1-34
2023-07-18 17:26:48,522 INFO o.a.j.t.JMeterThread: Thread is done: Thread Group 1-78
2023-07-18 17:26:48,522 INFO o.a.j.t.JMeterThread: Thread finished: Thread Group 1-78
2023-07-18 17:26:48,527 INFO o.a.j.e.StandardJMeterEngine: Notifying test listeners of end of test
2023-07-18 17:26:48,529 INFO o.a.j.g.u.JMeterMenuBar: setRunning(false, *local*)
2023-07-18 17:31:01,697 INFO o.a.j.e.StandardJMeterEngine: Running the test!
2023-07-18 17:31:01,705 INFO o.a.j.s.SampleEvent: List of sample_variables: []
2023-07-18 17:31:01,718 INFO o.a.j.g.u.JMeterMenuBar: setRunning(true, *local*)
2023-07-18 17:31:02,904 INFO o.a.j.e.StandardJMeterEngine: Starting ThreadGroup: 1 : Thread Group
2023-07-18 17:31:02,904 INFO o.a.j.e.StandardJMeterEngine: Starting 12 threads for group Thread Group.
2023-07-18 17:31:02,904 INFO o.a.j.e.StandardJMeterEngine: Thread will continue on error
2023-07-18 17:31:02,905 INFO o.a.j.t.ThreadGroup: Starting thread group... number=1 threads=12 ramp-up=1 delayedStart=false
2023-07-18 17:31:02,914 INFO o.a.j.t.ThreadGroup: Started thread group number 1
2023-07-18 17:31:02,914 INFO o.a.j.e.StandardJMeterEngine: All thread groups have been started
2023-07-18 17:31:02,954 INFO o.a.j.t.JMeterThread: Thread started: Thread Group 1-1
2023-07-18 17:31:03,051 INFO o.a.j.t.JMeterThread: Thread started: Thread Group 1-2
2023-07-18 17:31:03,134 INFO o.a.j.t.JMeterThread: Thread started: Thread Group 1-3
2023-07-18 17:31:03,217 INFO o.a.j.t.JMeterThread: Thread started: Thread Group 1-4
2023-07-18 17:31:03,298 INFO o.a.j.t.JMeterThread: Thread started: Thread Group 1-5
2023-07-18 17:31:03,340 INFO o.a.j.t.JMeterThread: Thread is done: Thread Group 1-2
2023-07-18 17:31:03,341 INFO o.a.j.t.JMeterThread: Thread finished: Thread Group 1-2
2023-07-18 17:31:03,342 INFO o.a.j.t.JMeterThread: Thread is done: Thread Group 1-4
2023-07-18 17:31:03,342 INFO o.a.j.t.JMeterThread: Thread finished: Thread Group 1-4
2023-07-18 17:31:03,358 INFO o.a.j.t.JMeterThread: Thread is done: Thread Group 1-5
2023-07-18 17:31:03,358 INFO o.a.j.t.JMeterThread: Thread finished: Thread Group 1-5
2023-07-18 17:31:03,402 INFO o.a.j.t.JMeterThread: Thread started: Thread Group 1-6
2023-07-18 17:31:03,462 INFO o.a.j.t.JMeterThread: Thread started: Thread Group 1-7
2023-07-18 17:31:03,545 INFO o.a.j.t.JMeterThread: Thread started: Thread Group 1-8
2023-07-18 17:31:03,579 INFO o.a.j.t.JMeterThread: Thread is done: Thread Group 1-8
2023-07-18 17:31:03,579 INFO o.a.j.t.JMeterThread: Thread finished: Thread Group 1-8
2023-07-18 17:31:03,627 INFO o.a.j.t.JMeterThread: Thread started: Thread Group 1-9
2023-07-18 17:31:03,657 INFO o.a.j.t.JMeterThread: Thread is done: Thread Group 1-9
2023-07-18 17:31:03,657 INFO o.a.j.t.JMeterThread: Thread finished: Thread Group 1-9
2023-07-18 17:31:03,708 INFO o.a.j.t.JMeterThread: Thread started: Thread Group 1-10
2023-07-18 17:31:03,721 INFO o.a.j.t.JMeterThread: Thread is done: Thread Group 1-10
2023-07-18 17:31:03,722 INFO o.a.j.t.JMeterThread: Thread finished: Thread Group 1-10
2023-07-18 17:31:03,792 INFO o.a.j.t.JMeterThread: Thread started: Thread Group 1-11
2023-07-18 17:31:03,825 INFO o.a.j.t.JMeterThread: Thread is done: Thread Group 1-11
2023-07-18 17:31:03,825 INFO o.a.j.t.JMeterThread: Thread finished: Thread Group 1-11
2023-07-18 17:31:03,875 INFO o.a.j.t.JMeterThread: Thread started: Thread Group 1-12
2023-07-18 17:31:03,956 INFO o.a.j.t.JMeterThread: Thread is done: Thread Group 1-12
2023-07-18 17:31:03,961 INFO o.a.j.t.JMeterThread: Thread finished: Thread Group 1-12
2023-07-18 17:31:05,664 INFO o.a.j.t.JMeterThread: Thread is done: Thread Group 1-3
2023-07-18 17:31:05,664 INFO o.a.j.t.JMeterThread: Thread finished: Thread Group 1-3
2023-07-18 17:31:05,674 INFO o.a.j.t.JMeterThread: Thread is done: Thread Group 1-6
2023-07-18 17:31:05,674 INFO o.a.j.t.JMeterThread: Thread finished: Thread Group 1-6
2023-07-18 17:31:05,683 INFO o.a.j.t.JMeterThread: Thread is done: Thread Group 1-7
2023-07-18 17:31:05,683 INFO o.a.j.t.JMeterThread: Thread finished: Thread Group 1-7
2023-07-18 17:31:05,692 INFO o.a.j.t.JMeterThread: Thread is done: Thread Group 1-1
2023-07-18 17:31:05,693 INFO o.a.j.t.JMeterThread: Thread finished: Thread Group 1-1
2023-07-18 17:31:05,693 INFO o.a.j.e.StandardJMeterEngine: Notifying test listeners of end of test
2023-07-18 17:31:05,694 INFO o.a.j.g.u.JMeterMenuBar: setRunning(false, *local*)
2023-07-18 17:31:07,861 INFO o.a.j.e.StandardJMeterEngine: Running the test!
2023-07-18 17:31:07,862 INFO o.a.j.s.SampleEvent: List of sample_variables: []
2023-07-18 17:31:07,867 INFO o.a.j.g.u.JMeterMenuBar: setRunning(true, *local*)
2023-07-18 17:31:08,109 INFO o.a.j.e.StandardJMeterEngine: Starting ThreadGroup: 1 : Thread Group
2023-07-18 17:31:08,109 INFO o.a.j.e.StandardJMeterEngine: Starting 12 threads for group Thread Group.
2023-07-18 17:31:08,109 INFO o.a.j.e.StandardJMeterEngine: Thread will continue on error
2023-07-18 17:31:08,109 INFO o.a.j.t.ThreadGroup: Starting thread group... number=1 threads=12 ramp-up=1 delayedStart=false
2023-07-18 17:31:08,116 INFO o.a.j.t.ThreadGroup: Started thread group number 1
2023-07-18 17:31:08,116 INFO o.a.j.e.StandardJMeterEngine: All thread groups have been started
2023-07-18 17:31:08,122 INFO o.a.j.t.JMeterThread: Thread started: Thread Group 1-1
2023-07-18 17:31:08,203 INFO o.a.j.t.JMeterThread: Thread started: Thread Group 1-2
2023-07-18 17:31:08,269 INFO o.a.j.t.JMeterThread: Thread is done: Thread Group 1-1
2023-07-18 17:31:08,270 INFO o.a.j.t.JMeterThread: Thread finished: Thread Group 1-1
2023-07-18 17:31:08,287 INFO o.a.j.t.JMeterThread: Thread started: Thread Group 1-3
2023-07-18 17:31:08,302 INFO o.a.j.t.JMeterThread: Thread is done: Thread Group 1-3
2023-07-18 17:31:08,302 INFO o.a.j.t.JMeterThread: Thread finished: Thread Group 1-3
2023-07-18 17:31:08,381 INFO o.a.j.t.JMeterThread: Thread started: Thread Group 1-4
2023-07-18 17:31:08,434 INFO o.a.j.t.JMeterThread: Thread is done: Thread Group 1-4
2023-07-18 17:31:08,434 INFO o.a.j.t.JMeterThread: Thread finished: Thread Group 1-4
2023-07-18 17:31:08,464 INFO o.a.j.t.JMeterThread: Thread started: Thread Group 1-5
2023-07-18 17:31:08,499 INFO o.a.j.t.JMeterThread: Thread is done: Thread Group 1-5
2023-07-18 17:31:08,499 INFO o.a.j.t.JMeterThread: Thread finished: Thread Group 1-5
2023-07-18 17:31:08,543 INFO o.a.j.t.JMeterThread: Thread started: Thread Group 1-6
2023-07-18 17:31:08,550 INFO o.a.j.t.JMeterThread: Thread is done: Thread Group 1-2
2023-07-18 17:31:08,550 INFO o.a.j.t.JMeterThread: Thread finished: Thread Group 1-2
2023-07-18 17:31:08,588 INFO o.a.j.t.JMeterThread: Thread is done: Thread Group 1-6
2023-07-18 17:31:08,588 INFO o.a.j.t.JMeterThread: Thread finished: Thread Group 1-6
2023-07-18 17:31:08,629 INFO o.a.j.t.JMeterThread: Thread started: Thread Group 1-7
2023-07-18 17:31:08,644 INFO o.a.j.t.JMeterThread: Thread is done: Thread Group 1-7
2023-07-18 17:31:08,644 INFO o.a.j.t.JMeterThread: Thread finished: Thread Group 1-7
2023-07-18 17:31:08,700 INFO o.a.j.t.JMeterThread: Thread started: Thread Group 1-8
2023-07-18 17:31:08,710 INFO o.a.j.t.JMeterThread: Thread is done: Thread Group 1-8
2023-07-18 17:31:08,710 INFO o.a.j.t.JMeterThread: Thread finished: Thread Group 1-8
2023-07-18 17:31:08,782 INFO o.a.j.t.JMeterThread: Thread started: Thread Group 1-9
2023-07-18 17:31:08,816 INFO o.a.j.t.JMeterThread: Thread is done: Thread Group 1-9
2023-07-18 17:31:08,816 INFO o.a.j.t.JMeterThread: Thread finished: Thread Group 1-9
2023-07-18 17:31:08,876 INFO o.a.j.t.JMeterThread: Thread started: Thread Group 1-10
2023-07-18 17:31:08,933 INFO o.a.j.t.JMeterThread: Thread is done: Thread Group 1-10
2023-07-18 17:31:08,933 INFO o.a.j.t.JMeterThread: Thread finished: Thread Group 1-10
2023-07-18 17:31:08,946 INFO o.a.j.t.JMeterThread: Thread started: Thread Group 1-11
2023-07-18 17:31:08,963 INFO o.a.j.t.JMeterThread: Thread is done: Thread Group 1-11
2023-07-18 17:31:08,963 INFO o.a.j.t.JMeterThread: Thread finished: Thread Group 1-11
2023-07-18 17:31:09,041 INFO o.a.j.t.JMeterThread: Thread started: Thread Group 1-12
2023-07-18 17:31:09,053 INFO o.a.j.t.JMeterThread: Thread is done: Thread Group 1-12
2023-07-18 17:31:09,053 INFO o.a.j.t.JMeterThread: Thread finished: Thread Group 1-12
2023-07-18 17:31:09,054 INFO o.a.j.e.StandardJMeterEngine: Notifying test listeners of end of test
2023-07-18 17:31:09,055 INFO o.a.j.g.u.JMeterMenuBar: setRunning(false, *local*)
2023-07-18 17:33:20,915 INFO o.a.j.e.StandardJMeterEngine: Running the test!
2023-07-18 17:33:20,934 INFO o.a.j.s.SampleEvent: List of sample_variables: []
2023-07-18 17:33:20,944 INFO o.a.j.g.u.JMeterMenuBar: setRunning(true, *local*)
2023-07-18 17:33:21,043 INFO o.a.j.e.StandardJMeterEngine: Starting ThreadGroup: 1 : Thread Group
2023-07-18 17:33:21,043 INFO o.a.j.e.StandardJMeterEngine: Starting 12 threads for group Thread Group.
2023-07-18 17:33:21,044 INFO o.a.j.e.StandardJMeterEngine: Thread will continue on error
2023-07-18 17:33:21,044 INFO o.a.j.t.ThreadGroup: Starting thread group... number=1 threads=12 ramp-up=1 delayedStart=false
2023-07-18 17:33:21,067 INFO o.a.j.t.JMeterThread: Thread started: Thread Group 1-1
2023-07-18 17:33:21,070 INFO o.a.j.t.ThreadGroup: Started thread group number 1
2023-07-18 17:33:21,071 INFO o.a.j.e.StandardJMeterEngine: All thread groups have been started
2023-07-18 17:33:21,149 INFO o.a.j.t.JMeterThread: Thread started: Thread Group 1-2
2023-07-18 17:33:21,232 INFO o.a.j.t.JMeterThread: Thread started: Thread Group 1-3
2023-07-18 17:33:21,315 INFO o.a.j.t.JMeterThread: Thread started: Thread Group 1-4
2023-07-18 17:33:21,394 INFO o.a.j.t.JMeterThread: Thread started: Thread Group 1-5
2023-07-18 17:33:21,476 INFO o.a.j.t.JMeterThread: Thread started: Thread Group 1-6
2023-07-18 17:33:21,559 INFO o.a.j.t.JMeterThread: Thread started: Thread Group 1-7
2023-07-18 17:33:21,642 INFO o.a.j.t.JMeterThread: Thread started: Thread Group 1-8
2023-07-18 17:33:21,717 INFO o.a.j.t.JMeterThread: Thread started: Thread Group 1-9
2023-07-18 17:33:21,844 INFO o.a.j.t.JMeterThread: Thread started: Thread Group 1-10
2023-07-18 17:33:21,907 INFO o.a.j.t.JMeterThread: Thread started: Thread Group 1-11
2023-07-18 17:33:21,989 INFO o.a.j.t.JMeterThread: Thread started: Thread Group 1-12
2023-07-18 17:33:25,652 INFO o.a.j.t.JMeterThread: Thread is done: Thread Group 1-8
2023-07-18 17:33:25,652 INFO o.a.j.t.JMeterThread: Thread finished: Thread Group 1-8
2023-07-18 17:33:25,654 INFO o.a.j.t.JMeterThread: Thread is done: Thread Group 1-6
2023-07-18 17:33:25,654 INFO o.a.j.t.JMeterThread: Thread finished: Thread Group 1-6
2023-07-18 17:33:25,662 INFO o.a.j.t.JMeterThread: Thread is done: Thread Group 1-9
2023-07-18 17:33:25,662 INFO o.a.j.t.JMeterThread: Thread finished: Thread Group 1-9
2023-07-18 17:33:25,660 INFO o.a.j.t.JMeterThread: Thread is done: Thread Group 1-2
2023-07-18 17:33:25,664 INFO o.a.j.t.JMeterThread: Thread finished: Thread Group 1-2
2023-07-18 17:33:25,671 INFO o.a.j.t.JMeterThread: Thread is done: Thread Group 1-5
2023-07-18 17:33:25,672 INFO o.a.j.t.JMeterThread: Thread finished: Thread Group 1-5
2023-07-18 17:33:25,685 INFO o.a.j.t.JMeterThread: Thread is done: Thread Group 1-7
2023-07-18 17:33:25,685 INFO o.a.j.t.JMeterThread: Thread finished: Thread Group 1-7
2023-07-18 17:33:25,695 INFO o.a.j.t.JMeterThread: Thread is done: Thread Group 1-3
2023-07-18 17:33:25,695 INFO o.a.j.t.JMeterThread: Thread finished: Thread Group 1-3
2023-07-18 17:33:25,729 INFO o.a.j.t.JMeterThread: Thread is done: Thread Group 1-1
2023-07-18 17:33:25,730 INFO o.a.j.t.JMeterThread: Thread finished: Thread Group 1-1
2023-07-18 17:33:27,198 INFO o.a.j.t.JMeterThread: Thread is done: Thread Group 1-12
2023-07-18 17:33:27,198 INFO o.a.j.t.JMeterThread: Thread finished: Thread Group 1-12
2023-07-18 17:33:27,277 INFO o.a.j.t.JMeterThread: Thread is done: Thread Group 1-11
2023-07-18 17:33:27,277 INFO o.a.j.t.JMeterThread: Thread finished: Thread Group 1-11
2023-07-18 17:33:27,415 INFO o.a.j.t.JMeterThread: Thread is done: Thread Group 1-10
2023-07-18 17:33:27,415 INFO o.a.j.t.JMeterThread: Thread finished: Thread Group 1-10
2023-07-18 17:33:28,663 INFO o.a.j.t.JMeterThread: Thread is done: Thread Group 1-4
2023-07-18 17:33:28,663 INFO o.a.j.t.JMeterThread: Thread finished: Thread Group 1-4
2023-07-18 17:33:28,667 INFO o.a.j.e.StandardJMeterEngine: Notifying test listeners of end of test
2023-07-18 17:33:28,667 INFO o.a.j.g.u.JMeterMenuBar: setRunning(false, *local*)
2023-07-18 17:39:06,683 INFO o.a.j.e.StandardJMeterEngine: Running the test!
2023-07-18 17:39:06,703 INFO o.a.j.s.SampleEvent: List of sample_variables: []
2023-07-18 17:39:06,713 INFO o.a.j.g.u.JMeterMenuBar: setRunning(true, *local*)
2023-07-18 17:39:07,937 INFO o.a.j.e.StandardJMeterEngine: Starting ThreadGroup: 1 : Thread Group
2023-07-18 17:39:07,937 INFO o.a.j.e.StandardJMeterEngine: Starting 15 threads for group Thread Group.
2023-07-18 17:39:07,937 INFO o.a.j.e.StandardJMeterEngine: Thread will continue on error
2023-07-18 17:39:07,937 INFO o.a.j.t.ThreadGroup: Starting thread group... number=1 threads=15 ramp-up=1 delayedStart=false
2023-07-18 17:39:07,990 INFO o.a.j.t.ThreadGroup: Started thread group number 1
2023-07-18 17:39:07,990 INFO o.a.j.e.StandardJMeterEngine: All thread groups have been started
2023-07-18 17:39:07,994 INFO o.a.j.t.JMeterThread: Thread started: Thread Group 1-1
2023-07-18 17:39:08,060 INFO o.a.j.t.JMeterThread: Thread started: Thread Group 1-2
2023-07-18 17:39:08,125 INFO o.a.j.t.JMeterThread: Thread started: Thread Group 1-3
2023-07-18 17:39:08,208 INFO o.a.j.t.JMeterThread: Thread started: Thread Group 1-4
2023-07-18 17:39:08,258 INFO o.a.j.t.JMeterThread: Thread started: Thread Group 1-5
2023-07-18 17:39:08,323 INFO o.a.j.t.JMeterThread: Thread started: Thread Group 1-6
2023-07-18 17:39:08,389 INFO o.a.j.t.JMeterThread: Thread started: Thread Group 1-7
2023-07-18 17:39:08,439 INFO o.a.j.t.JMeterThread: Thread started: Thread Group 1-8
2023-07-18 17:39:08,491 INFO o.a.j.t.JMeterThread: Thread started: Thread Group 1-9
2023-07-18 17:39:08,559 INFO o.a.j.t.JMeterThread: Thread started: Thread Group 1-10
2023-07-18 17:39:08,624 INFO o.a.j.t.JMeterThread: Thread started: Thread Group 1-11
2023-07-18 17:39:08,688 INFO o.a.j.t.JMeterThread: Thread started: Thread Group 1-12
2023-07-18 17:39:08,767 INFO o.a.j.t.JMeterThread: Thread started: Thread Group 1-13
2023-07-18 17:39:08,875 INFO o.a.j.t.JMeterThread: Thread started: Thread Group 1-14
2023-07-18 17:39:08,891 INFO o.a.j.t.JMeterThread: Thread started: Thread Group 1-15
2023-07-18 17:39:09,880 INFO o.a.j.t.JMeterThread: Thread is done: Thread Group 1-9
2023-07-18 17:39:09,881 INFO o.a.j.t.JMeterThread: Thread finished: Thread Group 1-9
2023-07-18 17:39:09,901 INFO o.a.j.t.JMeterThread: Thread is done: Thread Group 1-14
2023-07-18 17:39:09,901 INFO o.a.j.t.JMeterThread: Thread finished: Thread Group 1-14
2023-07-18 17:39:09,907 INFO o.a.j.t.JMeterThread: Thread is done: Thread Group 1-5
2023-07-18 17:39:09,907 INFO o.a.j.t.JMeterThread: Thread finished: Thread Group 1-5
2023-07-18 17:39:09,914 INFO o.a.j.t.JMeterThread: Thread is done: Thread Group 1-7
2023-07-18 17:39:09,914 INFO o.a.j.t.JMeterThread: Thread finished: Thread Group 1-7
2023-07-18 17:39:09,919 INFO o.a.j.t.JMeterThread: Thread is done: Thread Group 1-10
2023-07-18 17:39:09,919 INFO o.a.j.t.JMeterThread: Thread finished: Thread Group 1-10
2023-07-18 17:39:10,006 INFO o.a.j.t.JMeterThread: Thread is done: Thread Group 1-2
2023-07-18 17:39:10,006 INFO o.a.j.t.JMeterThread: Thread finished: Thread Group 1-2
2023-07-18 17:39:10,013 INFO o.a.j.t.JMeterThread: Thread is done: Thread Group 1-1
2023-07-18 17:39:10,013 INFO o.a.j.t.JMeterThread: Thread finished: Thread Group 1-1
2023-07-18 17:39:10,020 INFO o.a.j.t.JMeterThread: Thread is done: Thread Group 1-12
2023-07-18 17:39:10,020 INFO o.a.j.t.JMeterThread: Thread finished: Thread Group 1-12
2023-07-18 17:39:10,025 INFO o.a.j.t.JMeterThread: Thread is done: Thread Group 1-3
2023-07-18 17:39:10,025 INFO o.a.j.t.JMeterThread: Thread finished: Thread Group 1-3
2023-07-18 17:39:10,047 INFO o.a.j.t.JMeterThread: Thread is done: Thread Group 1-15
2023-07-18 17:39:10,047 INFO o.a.j.t.JMeterThread: Thread finished: Thread Group 1-15
2023-07-18 17:39:10,055 INFO o.a.j.t.JMeterThread: Thread is done: Thread Group 1-6
2023-07-18 17:39:10,055 INFO o.a.j.t.JMeterThread: Thread finished: Thread Group 1-6
2023-07-18 17:39:10,061 INFO o.a.j.t.JMeterThread: Thread is done: Thread Group 1-13
2023-07-18 17:39:10,061 INFO o.a.j.t.JMeterThread: Thread finished: Thread Group 1-13
2023-07-18 17:39:10,071 INFO o.a.j.t.JMeterThread: Thread is done: Thread Group 1-8
2023-07-18 17:39:10,071 INFO o.a.j.t.JMeterThread: Thread finished: Thread Group 1-8
2023-07-18 17:39:12,553 INFO o.a.j.t.JMeterThread: Thread is done: Thread Group 1-4
2023-07-18 17:39:12,554 INFO o.a.j.t.JMeterThread: Thread finished: Thread Group 1-4
2023-07-18 17:39:12,570 INFO o.a.j.t.JMeterThread: Thread is done: Thread Group 1-11
2023-07-18 17:39:12,570 INFO o.a.j.t.JMeterThread: Thread finished: Thread Group 1-11
2023-07-18 17:39:12,571 INFO o.a.j.e.StandardJMeterEngine: Notifying test listeners of end of test
2023-07-18 17:39:12,572 INFO o.a.j.g.u.JMeterMenuBar: setRunning(false, *local*)
2023-07-18 17:45:49,773 INFO o.a.j.e.StandardJMeterEngine: Running the test!
2023-07-18 17:45:49,814 INFO o.a.j.s.SampleEvent: List of sample_variables: []
2023-07-18 17:45:49,834 INFO o.a.j.g.u.JMeterMenuBar: setRunning(true, *local*)
2023-07-18 17:45:51,442 INFO o.a.j.e.StandardJMeterEngine: Starting ThreadGroup: 1 : Thread Group
2023-07-18 17:45:51,442 INFO o.a.j.e.StandardJMeterEngine: Starting 15 threads for group Thread Group.
2023-07-18 17:45:51,442 INFO o.a.j.e.StandardJMeterEngine: Thread will continue on error
2023-07-18 17:45:51,442 INFO o.a.j.t.ThreadGroup: Starting thread group... number=1 threads=15 ramp-up=1 delayedStart=false
2023-07-18 17:45:51,465 INFO o.a.j.t.JMeterThread: Thread started: Thread Group 1-1
2023-07-18 17:45:51,474 INFO o.a.j.t.ThreadGroup: Started thread group number 1
2023-07-18 17:45:51,474 INFO o.a.j.e.StandardJMeterEngine: All thread groups have been started
2023-07-18 17:45:51,541 INFO o.a.j.t.JMeterThread: Thread started: Thread Group 1-2
2023-07-18 17:45:51,608 INFO o.a.j.t.JMeterThread: Thread started: Thread Group 1-3
2023-07-18 17:45:51,672 INFO o.a.j.t.JMeterThread: Thread started: Thread Group 1-4
2023-07-18 17:45:51,722 INFO o.a.j.t.JMeterThread: Thread started: Thread Group 1-5
2023-07-18 17:45:51,789 INFO o.a.j.t.JMeterThread: Thread started: Thread Group 1-6
2023-07-18 17:45:51,865 INFO o.a.j.t.JMeterThread: Thread started: Thread Group 1-7
2023-07-18 17:45:51,939 INFO o.a.j.t.JMeterThread: Thread started: Thread Group 1-8
2023-07-18 17:45:52,009 INFO o.a.j.t.JMeterThread: Thread started: Thread Group 1-9
2023-07-18 17:45:52,075 INFO o.a.j.t.JMeterThread: Thread started: Thread Group 1-10
2023-07-18 17:45:52,141 INFO o.a.j.t.JMeterThread: Thread started: Thread Group 1-11
2023-07-18 17:45:52,208 INFO o.a.j.t.JMeterThread: Thread started: Thread Group 1-12
2023-07-18 17:45:52,277 INFO o.a.j.t.JMeterThread: Thread started: Thread Group 1-13
2023-07-18 17:45:52,341 INFO o.a.j.t.JMeterThread: Thread started: Thread Group 1-14
2023-07-18 17:45:52,407 INFO o.a.j.t.JMeterThread: Thread started: Thread Group 1-15
2023-07-18 17:45:55,138 INFO o.a.j.t.JMeterThread: Thread is done: Thread Group 1-2
2023-07-18 17:45:55,138 INFO o.a.j.t.JMeterThread: Thread finished: Thread Group 1-2
2023-07-18 17:45:55,146 INFO o.a.j.t.JMeterThread: Thread is done: Thread Group 1-15
2023-07-18 17:45:55,147 INFO o.a.j.t.JMeterThread: Thread finished: Thread Group 1-15
2023-07-18 17:45:55,771 INFO o.a.j.t.JMeterThread: Thread is done: Thread Group 1-13
2023-07-18 17:45:55,771 INFO o.a.j.t.JMeterThread: Thread finished: Thread Group 1-13
2023-07-18 17:45:55,789 INFO o.a.j.t.JMeterThread: Thread is done: Thread Group 1-7
2023-07-18 17:45:55,809 INFO o.a.j.t.JMeterThread: Thread finished: Thread Group 1-7
2023-07-18 17:45:55,826 INFO o.a.j.t.JMeterThread: Thread is done: Thread Group 1-10
2023-07-18 17:45:55,827 INFO o.a.j.t.JMeterThread: Thread finished: Thread Group 1-10
2023-07-18 17:45:55,837 INFO o.a.j.t.JMeterThread: Thread is done: Thread Group 1-14
2023-07-18 17:45:55,837 INFO o.a.j.t.JMeterThread: Thread finished: Thread Group 1-14
2023-07-18 17:45:55,844 INFO o.a.j.t.JMeterThread: Thread is done: Thread Group 1-6
2023-07-18 17:45:55,844 INFO o.a.j.t.JMeterThread: Thread finished: Thread Group 1-6
2023-07-18 17:45:55,860 INFO o.a.j.t.JMeterThread: Thread is done: Thread Group 1-9
2023-07-18 17:45:55,860 INFO o.a.j.t.JMeterThread: Thread finished: Thread Group 1-9
2023-07-18 17:45:55,871 INFO o.a.j.t.JMeterThread: Thread is done: Thread Group 1-1
2023-07-18 17:45:55,871 INFO o.a.j.t.JMeterThread: Thread finished: Thread Group 1-1
2023-07-18 17:45:55,883 INFO o.a.j.t.JMeterThread: Thread is done: Thread Group 1-3
2023-07-18 17:45:55,884 INFO o.a.j.t.JMeterThread: Thread finished: Thread Group 1-3
2023-07-18 17:45:55,901 INFO o.a.j.t.JMeterThread: Thread is done: Thread Group 1-4
2023-07-18 17:45:55,901 INFO o.a.j.t.JMeterThread: Thread finished: Thread Group 1-4
2023-07-18 17:45:55,959 INFO o.a.j.t.JMeterThread: Thread is done: Thread Group 1-11
2023-07-18 17:45:55,959 INFO o.a.j.t.JMeterThread: Thread finished: Thread Group 1-11
2023-07-18 17:45:55,968 INFO o.a.j.t.JMeterThread: Thread is done: Thread Group 1-8
2023-07-18 17:45:55,968 INFO o.a.j.t.JMeterThread: Thread finished: Thread Group 1-8
2023-07-18 17:45:55,978 INFO o.a.j.t.JMeterThread: Thread is done: Thread Group 1-12
2023-07-18 17:45:55,978 INFO o.a.j.t.JMeterThread: Thread finished: Thread Group 1-12
2023-07-18 17:45:55,984 INFO o.a.j.t.JMeterThread: Thread is done: Thread Group 1-5
2023-07-18 17:45:55,984 INFO o.a.j.t.JMeterThread: Thread finished: Thread Group 1-5
2023-07-18 17:45:55,985 INFO o.a.j.e.StandardJMeterEngine: Notifying test listeners of end of test
2023-07-18 17:45:55,985 INFO o.a.j.g.u.JMeterMenuBar: setRunning(false, *local*)
